[INFO ] main 2017-07-196 09:07:588,588 method:com.putaoteng.mybatis.utils.Log.loggerCreate(Log.java:14) Hello, Java
[INFO ] main 2017-07-196 10:07:524,524 method:com.putaoteng.mybatis.utils.Log.loggerCreate(Log.java:14) Hello, Java
[INFO ] main 2017-07-196 10:07:777,777 method:com.putaoteng.mybatis.utils.Log.loggerCreate(Log.java:14) Hello, Java
[INFO ] main 2017-07-196 10:07:860,860 method:com.putaoteng.mybatis.utils.Log.loggerCreate(Log.java:14) 插入一条数据
[INFO ] main 2017-07-196 10:07:969,969 method:com.putaoteng.mybatis.utils.Log.loggerCreate(Log.java:14) 插入一条数据
[INFO ] main 2017-07-196 10:07:57,057 method:com.putaoteng.mybatis.utils.Log.loggerCreate(Log.java:14) 插入一条数据
[INFO ] main 2017-07-196 10:07:115,115 method:com.putaoteng.mybatis.utils.Log.loggerCreate(Log.java:14) 插入一条数据
[INFO ] main 2017-07-196 10:07:182,182 method:com.putaoteng.mybatis.utils.Log.loggerCreate(Log.java:14) 删除一条数据
[INFO ] main 2017-07-196 10:07:192,192 method:com.putaoteng.mybatis.utils.Log.loggerCreate(Log.java:14) 查询一条数据
[INFO ] main 2017-07-196 10:07:257,257 method:com.putaoteng.mybatis.utils.Log.loggerCreate(Log.java:14) 更新一条数据
[INFO ] main 2017-07-196 10:07:922,922 method:com.putaoteng.mybatis.utils.Log.loggerCreate(Log.java:14) 插入一条数据
[INFO ] main 2017-07-196 10:07:993,993 method:com.putaoteng.mybatis.utils.Log.loggerCreate(Log.java:14) 插入一条数据
[INFO ] main 2017-07-196 10:07:102,102 method:com.putaoteng.mybatis.utils.Log.loggerCreate(Log.java:14) 插入一条数据
[INFO ] main 2017-07-196 10:07:176,176 method:com.putaoteng.mybatis.utils.Log.loggerCreate(Log.java:14) 插入一条数据
[INFO ] main 2017-07-196 10:07:235,235 method:com.putaoteng.mybatis.utils.Log.loggerCreate(Log.java:14) 删除一条数据
[INFO ] main 2017-07-196 10:07:240,240 method:com.putaoteng.mybatis.utils.Log.loggerCreate(Log.java:14) 查询一条数据
[INFO ] main 2017-07-196 10:07:284,284 method:com.putaoteng.mybatis.utils.Log.loggerCreate(Log.java:14) 更新一条数据
[INFO ] main 2017-07-196 10:07:627,627 method:com.putaoteng.mybatis.utils.Log.loggerCreate(Log.java:14) 插入一条数据
[INFO ] main 2017-07-196 10:07:668,668 method:com.putaoteng.mybatis.utils.Log.loggerCreate(Log.java:14) 插入一条数据
[INFO ] main 2017-07-196 10:07:710,710 method:com.putaoteng.mybatis.utils.Log.loggerCreate(Log.java:14) 插入一条数据
[INFO ] main 2017-07-196 10:07:751,751 method:com.putaoteng.mybatis.utils.Log.loggerCreate(Log.java:14) 插入一条数据
[INFO ] main 2017-07-196 10:07:810,810 method:com.putaoteng.mybatis.utils.Log.loggerCreate(Log.java:14) 删除一条数据
[INFO ] main 2017-07-196 10:07:813,813 method:com.putaoteng.mybatis.utils.Log.loggerCreate(Log.java:14) 查询一条数据
[INFO ] main 2017-07-196 10:07:851,851 method:com.putaoteng.mybatis.utils.Log.loggerCreate(Log.java:14) 更新一条数据
[INFO ] main 2017-07-196 10:07:235,235 method:com.putaoteng.mybatis.utils.Log.loggerCreate(Log.java:14) 插入一条数据
[INFO ] main 2017-07-196 10:07:277,277 method:com.putaoteng.mybatis.utils.Log.loggerCreate(Log.java:14) 插入一条数据
[INFO ] main 2017-07-196 10:07:318,318 method:com.putaoteng.mybatis.utils.Log.loggerCreate(Log.java:14) 插入一条数据
[INFO ] main 2017-07-196 10:07:377,377 method:com.putaoteng.mybatis.utils.Log.loggerCreate(Log.java:14) 插入一条数据
[INFO ] main 2017-07-196 10:07:444,444 method:com.putaoteng.mybatis.utils.Log.loggerCreate(Log.java:14) 删除一条数据
[INFO ] main 2017-07-196 10:07:460,460 method:com.putaoteng.mybatis.utils.Log.loggerCreate(Log.java:14) 查询一条数据
[INFO ] main 2017-07-196 10:07:502,502 method:com.putaoteng.mybatis.utils.Log.loggerCreate(Log.java:14) 更新一条数据
[INFO ] main 2017-07-196 10:07:851,851 method:com.putaoteng.mybatis.utils.Log.loggerCreate(Log.java:14) 插入一条数据
[INFO ] main 2017-07-196 10:07:893,893 method:com.putaoteng.mybatis.utils.Log.loggerCreate(Log.java:14) 插入一条数据
[INFO ] main 2017-07-196 10:07:935,935 method:com.putaoteng.mybatis.utils.Log.loggerCreate(Log.java:14) 插入一条数据
[INFO ] main 2017-07-196 10:07:976,976 method:com.putaoteng.mybatis.utils.Log.loggerCreate(Log.java:14) 插入一条数据
[INFO ] main 2017-07-196 10:07:18,018 method:com.putaoteng.mybatis.utils.Log.loggerCreate(Log.java:14) 删除一条数据
[INFO ] main 2017-07-196 10:07:23,023 method:com.putaoteng.mybatis.utils.Log.loggerCreate(Log.java:14) 查询一条数据
[INFO ] main 2017-07-196 10:07:60,060 method:com.putaoteng.mybatis.utils.Log.loggerCreate(Log.java:14) 更新一条数据
[INFO ] main 2017-07-196 10:07:393,393 method:com.putaoteng.mybatis.utils.Log.loggerCreate(Log.java:14) 插入一条数据
[INFO ] main 2017-07-196 10:07:453,453 method:com.putaoteng.mybatis.utils.Log.loggerCreate(Log.java:14) 插入一条数据
[INFO ] main 2017-07-196 10:07:493,493 method:com.putaoteng.mybatis.utils.Log.loggerCreate(Log.java:14) 插入一条数据
[INFO ] main 2017-07-196 10:07:535,535 method:com.putaoteng.mybatis.utils.Log.loggerCreate(Log.java:14) 插入一条数据
[INFO ] main 2017-07-196 10:07:577,577 method:com.putaoteng.mybatis.utils.Log.loggerCreate(Log.java:14) 删除一条数据
[INFO ] main 2017-07-196 10:07:583,583 method:com.putaoteng.mybatis.utils.Log.loggerCreate(Log.java:14) 查询一条数据
[INFO ] main 2017-07-196 10:07:644,644 method:com.putaoteng.mybatis.utils.Log.loggerCreate(Log.java:14) 更新一条数据
[INFO ] main 2017-07-196 10:07:09,009 method:com.putaoteng.mybatis.utils.Log.loggerCreate(Log.java:14) 插入一条数据
[INFO ] main 2017-07-196 10:07:53,053 method:com.putaoteng.mybatis.utils.Log.loggerCreate(Log.java:14) 插入一条数据
[INFO ] main 2017-07-196 10:07:181,181 method:com.putaoteng.mybatis.utils.Log.loggerCreate(Log.java:14) 插入一条数据
[INFO ] main 2017-07-196 10:07:227,227 method:com.putaoteng.mybatis.utils.Log.loggerCreate(Log.java:14) 插入一条数据
[INFO ] main 2017-07-196 10:07:278,278 method:com.putaoteng.mybatis.utils.Log.loggerCreate(Log.java:14) 删除一条数据
[INFO ] main 2017-07-196 10:07:286,286 method:com.putaoteng.mybatis.utils.Log.loggerCreate(Log.java:14) 查询一条数据
[INFO ] main 2017-07-196 10:07:327,327 method:com.putaoteng.mybatis.utils.Log.loggerCreate(Log.java:14) 更新一条数据
[INFO ] main 2017-07-196 10:07:660,660 method:com.putaoteng.mybatis.utils.Log.loggerCreate(Log.java:14) 插入一条数据
[INFO ] main 2017-07-196 10:07:701,701 method:com.putaoteng.mybatis.utils.Log.loggerCreate(Log.java:14) 插入一条数据
[INFO ] main 2017-07-196 10:07:743,743 method:com.putaoteng.mybatis.utils.Log.loggerCreate(Log.java:14) 插入一条数据
[INFO ] main 2017-07-196 10:07:795,795 method:com.putaoteng.mybatis.utils.Log.loggerCreate(Log.java:14) 插入一条数据
[INFO ] main 2017-07-196 10:07:843,843 method:com.putaoteng.mybatis.utils.Log.loggerCreate(Log.java:14) 删除一条数据
[INFO ] main 2017-07-196 10:07:850,850 method:com.putaoteng.mybatis.utils.Log.loggerCreate(Log.java:14) 查询一条数据
[INFO ] main 2017-07-196 10:07:893,893 method:com.putaoteng.mybatis.utils.Log.loggerCreate(Log.java:14) 更新一条数据
[INFO ] main 2017-07-196 10:07:185,185 method:com.putaoteng.mybatis.utils.Log.loggerCreate(Log.java:14) 插入一条数据
[INFO ] main 2017-07-196 10:07:227,227 method:com.putaoteng.mybatis.utils.Log.loggerCreate(Log.java:14) 插入一条数据
[INFO ] main 2017-07-196 10:07:278,278 method:com.putaoteng.mybatis.utils.Log.loggerCreate(Log.java:14) 插入一条数据
[INFO ] main 2017-07-196 10:07:318,318 method:com.putaoteng.mybatis.utils.Log.loggerCreate(Log.java:14) 插入一条数据
[INFO ] main 2017-07-196 10:07:360,360 method:com.putaoteng.mybatis.utils.Log.loggerCreate(Log.java:14) 删除一条数据
[INFO ] main 2017-07-196 10:07:366,366 method:com.putaoteng.mybatis.utils.Log.loggerCreate(Log.java:14) 查询一条数据
[INFO ] main 2017-07-196 10:07:410,410 method:com.putaoteng.mybatis.utils.Log.loggerCreate(Log.java:14) 更新一条数据
[INFO ] main 2017-07-196 10:07:985,985 method:com.putaoteng.mybatis.utils.Log.loggerCreate(Log.java:14) 插入一条数据
[INFO ] main 2017-07-196 10:07:61,061 method:com.putaoteng.mybatis.utils.Log.loggerCreate(Log.java:14) 插入一条数据
[INFO ] main 2017-07-196 10:07:299,299 method:com.putaoteng.mybatis.utils.Log.loggerCreate(Log.java:14) 插入一条数据
[INFO ] main 2017-07-196 10:07:343,343 method:com.putaoteng.mybatis.utils.Log.loggerCreate(Log.java:14) 插入一条数据
[INFO ] main 2017-07-196 10:07:395,395 method:com.putaoteng.mybatis.utils.Log.loggerCreate(Log.java:14) 删除一条数据
[INFO ] main 2017-07-196 10:07:404,404 method:com.putaoteng.mybatis.utils.Log.loggerCreate(Log.java:14) 查询一条数据
[INFO ] main 2017-07-196 10:07:443,443 method:com.putaoteng.mybatis.utils.Log.loggerCreate(Log.java:14) 更新一条数据
[INFO ] main 2017-07-196 10:07:801,801 method:com.putaoteng.mybatis.utils.Log.loggerCreate(Log.java:14) 插入一条数据
[INFO ] main 2017-07-196 10:07:860,860 method:com.putaoteng.mybatis.utils.Log.loggerCreate(Log.java:14) 插入一条数据
[INFO ] main 2017-07-196 10:07:902,902 method:com.putaoteng.mybatis.utils.Log.loggerCreate(Log.java:14) 插入一条数据
[INFO ] main 2017-07-196 10:07:945,945 method:com.putaoteng.mybatis.utils.Log.loggerCreate(Log.java:14) 插入一条数据
[INFO ] main 2017-07-196 10:07:985,985 method:com.putaoteng.mybatis.utils.Log.loggerCreate(Log.java:14) 删除一条数据
[INFO ] main 2017-07-196 10:07:994,994 method:com.putaoteng.mybatis.utils.Log.loggerCreate(Log.java:14) 查询一条数据
[INFO ] main 2017-07-196 10:07:77,077 method:com.putaoteng.mybatis.utils.Log.loggerCreate(Log.java:14) 更新一条数据
[INFO ] main 2017-07-196 10:07:385,385 method:com.putaoteng.mybatis.utils.Log.loggerCreate(Log.java:14) 插入一条数据
[INFO ] main 2017-07-196 10:07:437,437 method:com.putaoteng.mybatis.utils.Log.loggerCreate(Log.java:14) 插入一条数据
[INFO ] main 2017-07-196 10:07:477,477 method:com.putaoteng.mybatis.utils.Log.loggerCreate(Log.java:14) 插入一条数据
[INFO ] main 2017-07-196 10:07:518,518 method:com.putaoteng.mybatis.utils.Log.loggerCreate(Log.java:14) 插入一条数据
[INFO ] main 2017-07-196 10:07:560,560 method:com.putaoteng.mybatis.utils.Log.loggerCreate(Log.java:14) 删除一条数据
[INFO ] main 2017-07-196 10:07:567,567 method:com.putaoteng.mybatis.utils.Log.loggerCreate(Log.java:14) 查询一条数据
[INFO ] main 2017-07-196 10:07:610,610 method:com.putaoteng.mybatis.utils.Log.loggerCreate(Log.java:14) 更新一条数据
[INFO ] main 2017-07-196 10:07:926,926 method:com.putaoteng.mybatis.utils.Log.loggerCreate(Log.java:14) 插入一条数据
[INFO ] main 2017-07-196 10:07:979,979 method:com.putaoteng.mybatis.utils.Log.loggerCreate(Log.java:14) 插入一条数据
[INFO ] main 2017-07-196 10:07:18,018 method:com.putaoteng.mybatis.utils.Log.loggerCreate(Log.java:14) 插入一条数据
[INFO ] main 2017-07-196 10:07:60,060 method:com.putaoteng.mybatis.utils.Log.loggerCreate(Log.java:14) 插入一条数据
[INFO ] main 2017-07-196 10:07:148,148 method:com.putaoteng.mybatis.utils.Log.loggerCreate(Log.java:14) 删除一条数据
[INFO ] main 2017-07-196 10:07:152,152 method:com.putaoteng.mybatis.utils.Log.loggerCreate(Log.java:14) 查询一条数据
[INFO ] main 2017-07-196 10:07:193,193 method:com.putaoteng.mybatis.utils.Log.loggerCreate(Log.java:14) 更新一条数据
[INFO ] main 2017-07-196 10:07:732,732 method:com.putaoteng.mybatis.utils.Log.loggerCreate(Log.java:14) 插入一条数据
[INFO ] main 2017-07-196 10:07:789,789 method:com.putaoteng.mybatis.utils.Log.loggerCreate(Log.java:14) 插入一条数据
[INFO ] main 2017-07-196 10:07:872,872 method:com.putaoteng.mybatis.utils.Log.loggerCreate(Log.java:14) 插入一条数据
[INFO ] main 2017-07-196 10:07:937,937 method:com.putaoteng.mybatis.utils.Log.loggerCreate(Log.java:14) 插入一条数据
[INFO ] main 2017-07-196 10:07:996,996 method:com.putaoteng.mybatis.utils.Log.loggerCreate(Log.java:14) 删除一条数据
[INFO ] main 2017-07-196 10:07:04,004 method:com.putaoteng.mybatis.utils.Log.loggerCreate(Log.java:14) 查询一条数据
[INFO ] main 2017-07-196 10:07:46,046 method:com.putaoteng.mybatis.utils.Log.loggerCreate(Log.java:14) 更新一条数据
[INFO ] main 2017-07-196 10:07:438,438 method:com.putaoteng.mybatis.utils.Log.loggerCreate(Log.java:14) 插入一条数据
[INFO ] main 2017-07-196 10:07:521,521 method:com.putaoteng.mybatis.utils.Log.loggerCreate(Log.java:14) 插入一条数据
[INFO ] main 2017-07-196 10:07:563,563 method:com.putaoteng.mybatis.utils.Log.loggerCreate(Log.java:14) 插入一条数据
[INFO ] main 2017-07-196 10:07:650,650 method:com.putaoteng.mybatis.utils.Log.loggerCreate(Log.java:14) 插入一条数据
[INFO ] main 2017-07-196 10:07:763,763 method:com.putaoteng.mybatis.utils.Log.loggerCreate(Log.java:14) 删除一条数据
[INFO ] main 2017-07-196 10:07:770,770 method:com.putaoteng.mybatis.utils.Log.loggerCreate(Log.java:14) 查询一条数据
[INFO ] main 2017-07-196 10:07:814,814 method:com.putaoteng.mybatis.utils.Log.loggerCreate(Log.java:14) 更新一条数据
[INFO ] main 2017-07-196 10:07:138,138 method:com.putaoteng.mybatis.utils.Log.loggerCreate(Log.java:14) 插入一条数据
[INFO ] main 2017-07-196 10:07:189,189 method:com.putaoteng.mybatis.utils.Log.loggerCreate(Log.java:14) 插入一条数据
[INFO ] main 2017-07-196 10:07:250,250 method:com.putaoteng.mybatis.utils.Log.loggerCreate(Log.java:14) 插入一条数据
[INFO ] main 2017-07-196 10:07:305,305 method:com.putaoteng.mybatis.utils.Log.loggerCreate(Log.java:14) 插入一条数据
[INFO ] main 2017-07-196 10:07:372,372 method:com.putaoteng.mybatis.utils.Log.loggerCreate(Log.java:14) 删除一条数据
[INFO ] main 2017-07-196 10:07:388,388 method:com.putaoteng.mybatis.utils.Log.loggerCreate(Log.java:14) 查询一条数据
[INFO ] main 2017-07-196 10:07:472,472 method:com.putaoteng.mybatis.utils.Log.loggerCreate(Log.java:14) 更新一条数据
[INFO ] main 2017-07-196 10:07:897,897 method:com.putaoteng.mybatis.utils.Log.loggerCreate(Log.java:14) 插入一条数据
[INFO ] main 2017-07-196 10:07:939,939 method:com.putaoteng.mybatis.utils.Log.loggerCreate(Log.java:14) 插入一条数据
[INFO ] main 2017-07-196 10:07:980,980 method:com.putaoteng.mybatis.utils.Log.loggerCreate(Log.java:14) 插入一条数据
[INFO ] main 2017-07-196 10:07:23,023 method:com.putaoteng.mybatis.utils.Log.loggerCreate(Log.java:14) 插入一条数据
[INFO ] main 2017-07-196 10:07:123,123 method:com.putaoteng.mybatis.utils.Log.loggerCreate(Log.java:14) 删除一条数据
[INFO ] main 2017-07-196 10:07:132,132 method:com.putaoteng.mybatis.utils.Log.loggerCreate(Log.java:14) 查询一条数据
[INFO ] main 2017-07-196 10:07:181,181 method:com.putaoteng.mybatis.utils.Log.loggerCreate(Log.java:14) 更新一条数据
[INFO ] main 2017-07-196 10:07:505,505 method:com.putaoteng.mybatis.utils.Log.loggerCreate(Log.java:14) 插入一条数据
[INFO ] main 2017-07-196 10:07:547,547 method:com.putaoteng.mybatis.utils.Log.loggerCreate(Log.java:14) 插入一条数据
[INFO ] main 2017-07-196 10:07:589,589 method:com.putaoteng.mybatis.utils.Log.loggerCreate(Log.java:14) 插入一条数据
[INFO ] main 2017-07-196 10:07:642,642 method:com.putaoteng.mybatis.utils.Log.loggerCreate(Log.java:14) 插入一条数据
[INFO ] main 2017-07-196 10:07:747,747 method:com.putaoteng.mybatis.utils.Log.loggerCreate(Log.java:14) 删除一条数据
[INFO ] main 2017-07-196 10:07:755,755 method:com.putaoteng.mybatis.utils.Log.loggerCreate(Log.java:14) 查询一条数据
[INFO ] main 2017-07-196 10:07:797,797 method:com.putaoteng.mybatis.utils.Log.loggerCreate(Log.java:14) 更新一条数据
[INFO ] main 2017-07-196 10:07:100,100 method:com.putaoteng.mybatis.utils.Log.loggerCreate(Log.java:14) 插入一条数据
[INFO ] main 2017-07-196 10:07:138,138 method:com.putaoteng.mybatis.utils.Log.loggerCreate(Log.java:14) 插入一条数据
[INFO ] main 2017-07-196 10:07:180,180 method:com.putaoteng.mybatis.utils.Log.loggerCreate(Log.java:14) 插入一条数据
[INFO ] main 2017-07-196 10:07:222,222 method:com.putaoteng.mybatis.utils.Log.loggerCreate(Log.java:14) 插入一条数据
[INFO ] main 2017-07-196 10:07:264,264 method:com.putaoteng.mybatis.utils.Log.loggerCreate(Log.java:14) 删除一条数据
[INFO ] main 2017-07-196 10:07:271,271 method:com.putaoteng.mybatis.utils.Log.loggerCreate(Log.java:14) 查询一条数据
[INFO ] main 2017-07-196 10:07:317,317 method:com.putaoteng.mybatis.utils.Log.loggerCreate(Log.java:14) 更新一条数据
[INFO ] main 2017-07-196 10:07:622,622 method:com.putaoteng.mybatis.utils.Log.loggerCreate(Log.java:14) 插入一条数据
[INFO ] main 2017-07-196 10:07:705,705 method:com.putaoteng.mybatis.utils.Log.loggerCreate(Log.java:14) 插入一条数据
[INFO ] main 2017-07-196 10:07:755,755 method:com.putaoteng.mybatis.utils.Log.loggerCreate(Log.java:14) 插入一条数据
[INFO ] main 2017-07-196 10:07:800,800 method:com.putaoteng.mybatis.utils.Log.loggerCreate(Log.java:14) 插入一条数据
[INFO ] main 2017-07-196 10:07:847,847 method:com.putaoteng.mybatis.utils.Log.loggerCreate(Log.java:14) 删除一条数据
[INFO ] main 2017-07-196 10:07:854,854 method:com.putaoteng.mybatis.utils.Log.loggerCreate(Log.java:14) 查询一条数据
[INFO ] main 2017-07-196 10:07:897,897 method:com.putaoteng.mybatis.utils.Log.loggerCreate(Log.java:14) 更新一条数据
[INFO ] main 2017-07-196 10:07:339,339 method:com.putaoteng.mybatis.utils.Log.loggerCreate(Log.java:14) 插入一条数据
[INFO ] main 2017-07-196 10:07:380,380 method:com.putaoteng.mybatis.utils.Log.loggerCreate(Log.java:14) 插入一条数据
[INFO ] main 2017-07-196 10:07:454,454 method:com.putaoteng.mybatis.utils.Log.loggerCreate(Log.java:14) 插入一条数据
[INFO ] main 2017-07-196 10:07:480,480 method:com.putaoteng.mybatis.utils.Log.loggerCreate(Log.java:14) 插入一条数据
[INFO ] main 2017-07-196 10:07:522,522 method:com.putaoteng.mybatis.utils.Log.loggerCreate(Log.java:14) 删除一条数据
[INFO ] main 2017-07-196 10:07:528,528 method:com.putaoteng.mybatis.utils.Log.loggerCreate(Log.java:14) 查询一条数据
[INFO ] main 2017-07-196 10:07:572,572 method:com.putaoteng.mybatis.utils.Log.loggerCreate(Log.java:14) 更新一条数据
[INFO ] main 2017-07-196 10:07:317,317 method:com.putaoteng.mybatis.utils.Log.loggerCreate(Log.java:14) 插入一条数据
[INFO ] main 2017-07-196 10:07:364,364 method:com.putaoteng.mybatis.utils.Log.loggerCreate(Log.java:14) 插入一条数据
[INFO ] main 2017-07-196 10:07:405,405 method:com.putaoteng.mybatis.utils.Log.loggerCreate(Log.java:14) 插入一条数据
[INFO ] main 2017-07-196 10:07:446,446 method:com.putaoteng.mybatis.utils.Log.loggerCreate(Log.java:14) 插入一条数据
[INFO ] main 2017-07-196 10:07:488,488 method:com.putaoteng.mybatis.utils.Log.loggerCreate(Log.java:14) 删除一条数据
[INFO ] main 2017-07-196 10:07:498,498 method:com.putaoteng.mybatis.utils.Log.loggerCreate(Log.java:14) 查询一条数据
[INFO ] main 2017-07-196 10:07:539,539 method:com.putaoteng.mybatis.utils.Log.loggerCreate(Log.java:14) 更新一条数据
[INFO ] main 2017-07-196 10:07:322,322 method:com.putaoteng.mybatis.utils.Log.loggerCreate(Log.java:14) 插入一条数据
[INFO ] main 2017-07-196 10:07:363,363 method:com.putaoteng.mybatis.utils.Log.loggerCreate(Log.java:14) 插入一条数据
[INFO ] main 2017-07-196 10:07:422,422 method:com.putaoteng.mybatis.utils.Log.loggerCreate(Log.java:14) 插入一条数据
[INFO ] main 2017-07-196 10:07:475,475 method:com.putaoteng.mybatis.utils.Log.loggerCreate(Log.java:14) 插入一条数据
[INFO ] main 2017-07-196 10:07:538,538 method:com.putaoteng.mybatis.utils.Log.loggerCreate(Log.java:14) 删除一条数据
[INFO ] main 2017-07-196 10:07:542,542 method:com.putaoteng.mybatis.utils.Log.loggerCreate(Log.java:14) 查询一条数据
[INFO ] main 2017-07-196 10:07:596,596 method:com.putaoteng.mybatis.utils.Log.loggerCreate(Log.java:14) 更新一条数据
[INFO ] main 2017-07-196 10:07:889,889 method:com.putaoteng.mybatis.utils.Log.loggerCreate(Log.java:14) 插入一条数据
[INFO ] main 2017-07-196 10:07:930,930 method:com.putaoteng.mybatis.utils.Log.loggerCreate(Log.java:14) 插入一条数据
[INFO ] main 2017-07-196 10:07:972,972 method:com.putaoteng.mybatis.utils.Log.loggerCreate(Log.java:14) 插入一条数据
[INFO ] main 2017-07-196 10:07:26,026 method:com.putaoteng.mybatis.utils.Log.loggerCreate(Log.java:14) 插入一条数据
[INFO ] main 2017-07-196 10:07:89,089 method:com.putaoteng.mybatis.utils.Log.loggerCreate(Log.java:14) 删除一条数据
[INFO ] main 2017-07-196 10:07:96,096 method:com.putaoteng.mybatis.utils.Log.loggerCreate(Log.java:14) 查询一条数据
[INFO ] main 2017-07-196 10:07:139,139 method:com.putaoteng.mybatis.utils.Log.loggerCreate(Log.java:14) 更新一条数据
[INFO ] main 2017-07-196 10:07:530,530 method:com.putaoteng.mybatis.utils.Log.loggerCreate(Log.java:14) 插入一条数据
[INFO ] main 2017-07-196 10:07:768,768 method:com.putaoteng.mybatis.utils.Log.loggerCreate(Log.java:14) 插入一条数据
[INFO ] main 2017-07-196 10:07:872,872 method:com.putaoteng.mybatis.utils.Log.loggerCreate(Log.java:14) 插入一条数据
[INFO ] main 2017-07-196 10:07:926,926 method:com.putaoteng.mybatis.utils.Log.loggerCreate(Log.java:14) 插入一条数据
[INFO ] main 2017-07-196 10:07:989,989 method:com.putaoteng.mybatis.utils.Log.loggerCreate(Log.java:14) 删除一条数据
[INFO ] main 2017-07-196 10:07:995,995 method:com.putaoteng.mybatis.utils.Log.loggerCreate(Log.java:14) 查询一条数据
[INFO ] main 2017-07-196 10:07:38,038 method:com.putaoteng.mybatis.utils.Log.loggerCreate(Log.java:14) 更新一条数据
[INFO ] main 2017-07-196 10:07:388,388 method:com.putaoteng.mybatis.utils.Log.loggerCreate(Log.java:14) 插入一条数据
[INFO ] main 2017-07-196 10:07:434,434 method:com.putaoteng.mybatis.utils.Log.loggerCreate(Log.java:14) 插入一条数据
[INFO ] main 2017-07-196 10:07:472,472 method:com.putaoteng.mybatis.utils.Log.loggerCreate(Log.java:14) 插入一条数据
[INFO ] main 2017-07-196 10:07:514,514 method:com.putaoteng.mybatis.utils.Log.loggerCreate(Log.java:14) 插入一条数据
[INFO ] main 2017-07-196 10:07:564,564 method:com.putaoteng.mybatis.utils.Log.loggerCreate(Log.java:14) 删除一条数据
[INFO ] main 2017-07-196 10:07:569,569 method:com.putaoteng.mybatis.utils.Log.loggerCreate(Log.java:14) 查询一条数据
[INFO ] main 2017-07-196 10:07:605,605 method:com.putaoteng.mybatis.utils.Log.loggerCreate(Log.java:14) 更新一条数据
[INFO ] main 2017-07-196 10:07:626,626 method:com.putaoteng.mybatis.utils.Log.loggerCreate(Log.java:14) 插入一条数据
[INFO ] main 2017-07-196 10:07:672,672 method:com.putaoteng.mybatis.utils.Log.loggerCreate(Log.java:14) 插入一条数据
[INFO ] main 2017-07-196 10:07:744,744 method:com.putaoteng.mybatis.utils.Log.loggerCreate(Log.java:14) 插入一条数据
[INFO ] main 2017-07-196 10:07:799,799 method:com.putaoteng.mybatis.utils.Log.loggerCreate(Log.java:14) 插入一条数据
[INFO ] main 2017-07-196 10:07:871,871 method:com.putaoteng.mybatis.utils.Log.loggerCreate(Log.java:14) 删除一条数据
[INFO ] main 2017-07-196 10:07:878,878 method:com.putaoteng.mybatis.utils.Log.loggerCreate(Log.java:14) 查询一条数据
[INFO ] main 2017-07-196 10:07:977,977 method:com.putaoteng.mybatis.utils.Log.loggerCreate(Log.java:14) 更新一条数据
[INFO ] main 2017-07-196 10:07:413,413 method:com.putaoteng.mybatis.utils.Log.loggerCreate(Log.java:14) 插入一条数据
[INFO ] main 2017-07-196 10:07:455,455 method:com.putaoteng.mybatis.utils.Log.loggerCreate(Log.java:14) 插入一条数据
[INFO ] main 2017-07-196 10:07:496,496 method:com.putaoteng.mybatis.utils.Log.loggerCreate(Log.java:14) 插入一条数据
[INFO ] main 2017-07-196 10:07:543,543 method:com.putaoteng.mybatis.utils.Log.loggerCreate(Log.java:14) 插入一条数据
[INFO ] main 2017-07-196 10:07:589,589 method:com.putaoteng.mybatis.utils.Log.loggerCreate(Log.java:14) 删除一条数据
[INFO ] main 2017-07-196 10:07:594,594 method:com.putaoteng.mybatis.utils.Log.loggerCreate(Log.java:14) 查询一条数据
[INFO ] main 2017-07-196 10:07:630,630 method:com.putaoteng.mybatis.utils.Log.loggerCreate(Log.java:14) 更新一条数据
[INFO ] main 2017-07-196 10:07:08,008 method:com.putaoteng.mybatis.utils.Log.loggerCreate(Log.java:14) 插入一条数据
[INFO ] main 2017-07-196 10:07:46,046 method:com.putaoteng.mybatis.utils.Log.loggerCreate(Log.java:14) 插入一条数据
[INFO ] main 2017-07-196 10:07:84,084 method:com.putaoteng.mybatis.utils.Log.loggerCreate(Log.java:14) 插入一条数据
[INFO ] main 2017-07-196 10:07:128,128 method:com.putaoteng.mybatis.utils.Log.loggerCreate(Log.java:14) 插入一条数据
[INFO ] main 2017-07-196 10:07:189,189 method:com.putaoteng.mybatis.utils.Log.loggerCreate(Log.java:14) 删除一条数据
[INFO ] main 2017-07-196 10:07:194,194 method:com.putaoteng.mybatis.utils.Log.loggerCreate(Log.java:14) 查询一条数据
[INFO ] main 2017-07-196 10:07:246,246 method:com.putaoteng.mybatis.utils.Log.loggerCreate(Log.java:14) 更新一条数据
[INFO ] main 2017-07-196 10:07:563,563 method:com.putaoteng.mybatis.utils.Log.loggerCreate(Log.java:14) 插入一条数据
[INFO ] main 2017-07-196 10:07:630,630 method:com.putaoteng.mybatis.utils.Log.loggerCreate(Log.java:14) 插入一条数据
[INFO ] main 2017-07-196 10:07:672,672 method:com.putaoteng.mybatis.utils.Log.loggerCreate(Log.java:14) 插入一条数据
[INFO ] main 2017-07-196 10:07:721,721 method:com.putaoteng.mybatis.utils.Log.loggerCreate(Log.java:14) 插入一条数据
[INFO ] main 2017-07-196 10:07:755,755 method:com.putaoteng.mybatis.utils.Log.loggerCreate(Log.java:14) 删除一条数据
[INFO ] main 2017-07-196 10:07:760,760 method:com.putaoteng.mybatis.utils.Log.loggerCreate(Log.java:14) 查询一条数据
[INFO ] main 2017-07-196 10:07:797,797 method:com.putaoteng.mybatis.utils.Log.loggerCreate(Log.java:14) 更新一条数据
[INFO ] main 2017-07-196 10:07:255,255 method:com.putaoteng.mybatis.utils.Log.loggerCreate(Log.java:14) 插入一条数据
[INFO ] main 2017-07-196 10:07:297,297 method:com.putaoteng.mybatis.utils.Log.loggerCreate(Log.java:14) 插入一条数据
[INFO ] main 2017-07-196 10:07:339,339 method:com.putaoteng.mybatis.utils.Log.loggerCreate(Log.java:14) 插入一条数据
[INFO ] main 2017-07-196 10:07:400,400 method:com.putaoteng.mybatis.utils.Log.loggerCreate(Log.java:14) 插入一条数据
[INFO ] main 2017-07-196 10:07:451,451 method:com.putaoteng.mybatis.utils.Log.loggerCreate(Log.java:14) 删除一条数据
[INFO ] main 2017-07-196 10:07:456,456 method:com.putaoteng.mybatis.utils.Log.loggerCreate(Log.java:14) 查询一条数据
[INFO ] main 2017-07-196 10:07:514,514 method:com.putaoteng.mybatis.utils.Log.loggerCreate(Log.java:14) 更新一条数据
[INFO ] main 2017-07-196 10:07:847,847 method:com.putaoteng.mybatis.utils.Log.loggerCreate(Log.java:14) 插入一条数据
[INFO ] main 2017-07-196 15:07:88,088 method:com.putaoteng.mybatis.utils.Log.loggerCreate(Log.java:14) Hello, Java
[INFO ] main 2017-07-196 15:07:429,429 method:com.putaoteng.mybatis.utils.Log.loggerCreate(Log.java:14) 插入一条数据
[INFO ] main 2017-07-196 15:07:492,492 method:com.putaoteng.mybatis.utils.Log.loggerCreate(Log.java:14) 插入一条数据
[INFO ] main 2017-07-196 15:07:626,626 method:com.putaoteng.mybatis.utils.Log.loggerCreate(Log.java:14) 插入一条数据
[INFO ] main 2017-07-196 15:07:692,692 method:com.putaoteng.mybatis.utils.Log.loggerCreate(Log.java:14) 删除一条数据
[INFO ] main 2017-07-196 15:07:713,713 method:com.putaoteng.mybatis.utils.Log.loggerCreate(Log.java:14) 查询一条数据
[INFO ] main 2017-07-196 15:07:751,751 method:com.putaoteng.mybatis.utils.Log.loggerCreate(Log.java:14) 更新一条数据
[INFO ] main 2017-07-196 15:07:157,157 method:com.putaoteng.mybatis.utils.Log.loggerCreate(Log.java:14) 插入一条数据
[INFO ] main 2017-07-196 15:07:192,192 method:com.putaoteng.mybatis.utils.Log.loggerCreate(Log.java:14) 插入一条数据
[INFO ] main 2017-07-196 15:07:234,234 method:com.putaoteng.mybatis.utils.Log.loggerCreate(Log.java:14) 插入一条数据
[INFO ] main 2017-07-196 15:07:284,284 method:com.putaoteng.mybatis.utils.Log.loggerCreate(Log.java:14) 删除一条数据
[INFO ] main 2017-07-196 15:07:294,294 method:com.putaoteng.mybatis.utils.Log.loggerCreate(Log.java:14) 查询一条数据
[INFO ] main 2017-07-196 15:07:334,334 method:com.putaoteng.mybatis.utils.Log.loggerCreate(Log.java:14) 更新一条数据
[INFO ] main 2017-07-196 15:07:692,692 method:com.putaoteng.mybatis.utils.Log.loggerCreate(Log.java:14) 插入一条数据
[INFO ] main 2017-07-196 15:07:734,734 method:com.putaoteng.mybatis.utils.Log.loggerCreate(Log.java:14) 插入一条数据
[INFO ] main 2017-07-196 15:07:792,792 method:com.putaoteng.mybatis.utils.Log.loggerCreate(Log.java:14) 插入一条数据
[INFO ] main 2017-07-196 15:07:843,843 method:com.putaoteng.mybatis.utils.Log.loggerCreate(Log.java:14) 删除一条数据
[INFO ] main 2017-07-196 15:07:854,854 method:com.putaoteng.mybatis.utils.Log.loggerCreate(Log.java:14) 查询一条数据
[INFO ] main 2017-07-196 15:07:942,942 method:com.putaoteng.mybatis.utils.Log.loggerCreate(Log.java:14) 更新一条数据
[INFO ] main 2017-07-196 15:07:300,300 method:com.putaoteng.mybatis.utils.Log.loggerCreate(Log.java:14) 插入一条数据
[INFO ] main 2017-07-196 15:07:359,359 method:com.putaoteng.mybatis.utils.Log.loggerCreate(Log.java:14) 插入一条数据
[INFO ] main 2017-07-196 15:07:401,401 method:com.putaoteng.mybatis.utils.Log.loggerCreate(Log.java:14) 插入一条数据
[INFO ] main 2017-07-196 15:07:448,448 method:com.putaoteng.mybatis.utils.Log.loggerCreate(Log.java:14) 删除一条数据
[INFO ] main 2017-07-196 15:07:456,456 method:com.putaoteng.mybatis.utils.Log.loggerCreate(Log.java:14) 查询一条数据
[INFO ] main 2017-07-196 15:07:492,492 method:com.putaoteng.mybatis.utils.Log.loggerCreate(Log.java:14) 更新一条数据
[INFO ] main 2017-07-196 15:07:848,848 method:com.putaoteng.mybatis.utils.Log.loggerCreate(Log.java:14) 插入一条数据
[INFO ] main 2017-07-196 15:07:892,892 method:com.putaoteng.mybatis.utils.Log.loggerCreate(Log.java:14) 插入一条数据
[INFO ] main 2017-07-196 15:07:934,934 method:com.putaoteng.mybatis.utils.Log.loggerCreate(Log.java:14) 插入一条数据
[INFO ] main 2017-07-196 15:07:975,975 method:com.putaoteng.mybatis.utils.Log.loggerCreate(Log.java:14) 删除一条数据
[INFO ] main 2017-07-196 15:07:980,980 method:com.putaoteng.mybatis.utils.Log.loggerCreate(Log.java:14) 查询一条数据
[INFO ] main 2017-07-196 15:07:18,018 method:com.putaoteng.mybatis.utils.Log.loggerCreate(Log.java:14) 更新一条数据
[INFO ] main 2017-07-196 15:07:460,460 method:com.putaoteng.mybatis.utils.Log.loggerCreate(Log.java:14) 插入一条数据
[INFO ] main 2017-07-196 15:07:517,517 method:com.putaoteng.mybatis.utils.Log.loggerCreate(Log.java:14) 插入一条数据
[INFO ] main 2017-07-196 15:07:559,559 method:com.putaoteng.mybatis.utils.Log.loggerCreate(Log.java:14) 插入一条数据
[INFO ] main 2017-07-196 15:07:600,600 method:com.putaoteng.mybatis.utils.Log.loggerCreate(Log.java:14) 删除一条数据
[INFO ] main 2017-07-196 15:07:604,604 method:com.putaoteng.mybatis.utils.Log.loggerCreate(Log.java:14) 查询一条数据
[INFO ] main 2017-07-196 15:07:642,642 method:com.putaoteng.mybatis.utils.Log.loggerCreate(Log.java:14) 更新一条数据
[INFO ] main 2017-07-196 15:07:950,950 method:com.putaoteng.mybatis.utils.Log.loggerCreate(Log.java:14) 插入一条数据
[INFO ] main 2017-07-196 15:07:992,992 method:com.putaoteng.mybatis.utils.Log.loggerCreate(Log.java:14) 插入一条数据
[INFO ] main 2017-07-196 15:07:51,051 method:com.putaoteng.mybatis.utils.Log.loggerCreate(Log.java:14) 插入一条数据
[INFO ] main 2017-07-196 15:07:92,092 method:com.putaoteng.mybatis.utils.Log.loggerCreate(Log.java:14) 删除一条数据
[INFO ] main 2017-07-196 15:07:99,099 method:com.putaoteng.mybatis.utils.Log.loggerCreate(Log.java:14) 查询一条数据
[INFO ] main 2017-07-196 15:07:159,159 method:com.putaoteng.mybatis.utils.Log.loggerCreate(Log.java:14) 更新一条数据
[INFO ] main 2017-07-196 15:07:475,475 method:com.putaoteng.mybatis.utils.Log.loggerCreate(Log.java:14) 插入一条数据
[INFO ] main 2017-07-196 15:07:517,517 method:com.putaoteng.mybatis.utils.Log.loggerCreate(Log.java:14) 插入一条数据
[INFO ] main 2017-07-196 15:07:576,576 method:com.putaoteng.mybatis.utils.Log.loggerCreate(Log.java:14) 插入一条数据
[INFO ] main 2017-07-196 15:07:625,625 method:com.putaoteng.mybatis.utils.Log.loggerCreate(Log.java:14) 删除一条数据
[INFO ] main 2017-07-196 15:07:630,630 method:com.putaoteng.mybatis.utils.Log.loggerCreate(Log.java:14) 查询一条数据
[INFO ] main 2017-07-196 15:07:667,667 method:com.putaoteng.mybatis.utils.Log.loggerCreate(Log.java:14) 更新一条数据
[INFO ] main 2017-07-196 15:07:984,984 method:com.putaoteng.mybatis.utils.Log.loggerCreate(Log.java:14) 插入一条数据
[INFO ] main 2017-07-196 15:07:26,026 method:com.putaoteng.mybatis.utils.Log.loggerCreate(Log.java:14) 插入一条数据
[INFO ] main 2017-07-196 15:07:84,084 method:com.putaoteng.mybatis.utils.Log.loggerCreate(Log.java:14) 插入一条数据
[INFO ] main 2017-07-196 15:07:190,190 method:com.putaoteng.mybatis.utils.Log.loggerCreate(Log.java:14) 删除一条数据
[INFO ] main 2017-07-196 15:07:201,201 method:com.putaoteng.mybatis.utils.Log.loggerCreate(Log.java:14) 查询一条数据
[INFO ] main 2017-07-196 15:07:243,243 method:com.putaoteng.mybatis.utils.Log.loggerCreate(Log.java:14) 更新一条数据
[INFO ] main 2017-07-196 15:07:584,584 method:com.putaoteng.mybatis.utils.Log.loggerCreate(Log.java:14) 插入一条数据
[INFO ] main 2017-07-196 15:07:626,626 method:com.putaoteng.mybatis.utils.Log.loggerCreate(Log.java:14) 插入一条数据
[INFO ] main 2017-07-196 15:07:684,684 method:com.putaoteng.mybatis.utils.Log.loggerCreate(Log.java:14) 插入一条数据
[INFO ] main 2017-07-196 15:07:726,726 method:com.putaoteng.mybatis.utils.Log.loggerCreate(Log.java:14) 删除一条数据
[INFO ] main 2017-07-196 15:07:733,733 method:com.putaoteng.mybatis.utils.Log.loggerCreate(Log.java:14) 查询一条数据
[INFO ] main 2017-07-196 15:07:784,784 method:com.putaoteng.mybatis.utils.Log.loggerCreate(Log.java:14) 更新一条数据
[INFO ] main 2017-07-196 15:07:117,117 method:com.putaoteng.mybatis.utils.Log.loggerCreate(Log.java:14) 插入一条数据
[INFO ] main 2017-07-196 15:07:159,159 method:com.putaoteng.mybatis.utils.Log.loggerCreate(Log.java:14) 插入一条数据
[INFO ] main 2017-07-196 15:07:218,218 method:com.putaoteng.mybatis.utils.Log.loggerCreate(Log.java:14) 插入一条数据
[INFO ] main 2017-07-196 15:07:267,267 method:com.putaoteng.mybatis.utils.Log.loggerCreate(Log.java:14) 删除一条数据
[INFO ] main 2017-07-196 15:07:274,274 method:com.putaoteng.mybatis.utils.Log.loggerCreate(Log.java:14) 查询一条数据
[INFO ] main 2017-07-196 15:07:317,317 method:com.putaoteng.mybatis.utils.Log.loggerCreate(Log.java:14) 更新一条数据
[INFO ] main 2017-07-196 15:07:634,634 method:com.putaoteng.mybatis.utils.Log.loggerCreate(Log.java:14) 插入一条数据
[INFO ] main 2017-07-196 15:07:676,676 method:com.putaoteng.mybatis.utils.Log.loggerCreate(Log.java:14) 插入一条数据
[INFO ] main 2017-07-196 15:07:717,717 method:com.putaoteng.mybatis.utils.Log.loggerCreate(Log.java:14) 插入一条数据
[INFO ] main 2017-07-196 15:07:776,776 method:com.putaoteng.mybatis.utils.Log.loggerCreate(Log.java:14) 删除一条数据
[INFO ] main 2017-07-196 15:07:782,782 method:com.putaoteng.mybatis.utils.Log.loggerCreate(Log.java:14) 查询一条数据
[INFO ] main 2017-07-196 15:07:825,825 method:com.putaoteng.mybatis.utils.Log.loggerCreate(Log.java:14) 更新一条数据
[INFO ] main 2017-07-196 15:07:344,344 method:com.putaoteng.mybatis.utils.Log.loggerCreate(Log.java:14) 插入一条数据
[INFO ] main 2017-07-196 15:07:417,417 method:com.putaoteng.mybatis.utils.Log.loggerCreate(Log.java:14) 插入一条数据
[INFO ] main 2017-07-196 15:07:467,467 method:com.putaoteng.mybatis.utils.Log.loggerCreate(Log.java:14) 插入一条数据
[INFO ] main 2017-07-196 15:07:509,509 method:com.putaoteng.mybatis.utils.Log.loggerCreate(Log.java:14) 删除一条数据
[INFO ] main 2017-07-196 15:07:515,515 method:com.putaoteng.mybatis.utils.Log.loggerCreate(Log.java:14) 查询一条数据
[INFO ] main 2017-07-196 15:07:567,567 method:com.putaoteng.mybatis.utils.Log.loggerCreate(Log.java:14) 更新一条数据
[INFO ] main 2017-07-196 15:07:885,885 method:com.putaoteng.mybatis.utils.Log.loggerCreate(Log.java:14) 插入一条数据
[INFO ] main 2017-07-196 15:07:926,926 method:com.putaoteng.mybatis.utils.Log.loggerCreate(Log.java:14) 插入一条数据
[INFO ] main 2017-07-196 15:07:967,967 method:com.putaoteng.mybatis.utils.Log.loggerCreate(Log.java:14) 插入一条数据
[INFO ] main 2017-07-196 15:07:09,009 method:com.putaoteng.mybatis.utils.Log.loggerCreate(Log.java:14) 删除一条数据
[INFO ] main 2017-07-196 15:07:15,015 method:com.putaoteng.mybatis.utils.Log.loggerCreate(Log.java:14) 查询一条数据
[INFO ] main 2017-07-196 15:07:59,059 method:com.putaoteng.mybatis.utils.Log.loggerCreate(Log.java:14) 更新一条数据
[INFO ] main 2017-07-196 15:07:826,826 method:com.putaoteng.mybatis.utils.Log.loggerCreate(Log.java:14) 插入一条数据
[INFO ] main 2017-07-196 15:07:868,868 method:com.putaoteng.mybatis.utils.Log.loggerCreate(Log.java:14) 插入一条数据
[INFO ] main 2017-07-196 15:07:909,909 method:com.putaoteng.mybatis.utils.Log.loggerCreate(Log.java:14) 插入一条数据
[INFO ] main 2017-07-196 15:07:957,957 method:com.putaoteng.mybatis.utils.Log.loggerCreate(Log.java:14) 删除一条数据
[INFO ] main 2017-07-196 15:07:963,963 method:com.putaoteng.mybatis.utils.Log.loggerCreate(Log.java:14) 查询一条数据
[INFO ] main 2017-07-196 15:07:35,035 method:com.putaoteng.mybatis.utils.Log.loggerCreate(Log.java:14) 更新一条数据
[INFO ] main 2017-07-196 15:07:442,442 method:com.putaoteng.mybatis.utils.Log.loggerCreate(Log.java:14) 插入一条数据
[INFO ] main 2017-07-196 15:07:484,484 method:com.putaoteng.mybatis.utils.Log.loggerCreate(Log.java:14) 插入一条数据
[INFO ] main 2017-07-196 15:07:543,543 method:com.putaoteng.mybatis.utils.Log.loggerCreate(Log.java:14) 插入一条数据
[INFO ] main 2017-07-196 15:07:584,584 method:com.putaoteng.mybatis.utils.Log.loggerCreate(Log.java:14) 删除一条数据
[INFO ] main 2017-07-196 15:07:590,590 method:com.putaoteng.mybatis.utils.Log.loggerCreate(Log.java:14) 查询一条数据
[INFO ] main 2017-07-196 15:07:651,651 method:com.putaoteng.mybatis.utils.Log.loggerCreate(Log.java:14) 更新一条数据
[INFO ] main 2017-07-196 15:07:992,992 method:com.putaoteng.mybatis.utils.Log.loggerCreate(Log.java:14) 插入一条数据
[INFO ] main 2017-07-196 15:07:34,034 method:com.putaoteng.mybatis.utils.Log.loggerCreate(Log.java:14) 插入一条数据
[INFO ] main 2017-07-196 15:07:76,076 method:com.putaoteng.mybatis.utils.Log.loggerCreate(Log.java:14) 插入一条数据
[INFO ] main 2017-07-196 15:07:117,117 method:com.putaoteng.mybatis.utils.Log.loggerCreate(Log.java:14) 删除一条数据
[INFO ] main 2017-07-196 15:07:123,123 method:com.putaoteng.mybatis.utils.Log.loggerCreate(Log.java:14) 查询一条数据
[INFO ] main 2017-07-196 15:07:159,159 method:com.putaoteng.mybatis.utils.Log.loggerCreate(Log.java:14) 更新一条数据
[INFO ] main 2017-07-196 15:07:482,482 method:com.putaoteng.mybatis.utils.Log.loggerCreate(Log.java:14) 插入一条数据
[INFO ] main 2017-07-196 15:07:526,526 method:com.putaoteng.mybatis.utils.Log.loggerCreate(Log.java:14) 插入一条数据
[INFO ] main 2017-07-196 15:07:567,567 method:com.putaoteng.mybatis.utils.Log.loggerCreate(Log.java:14) 插入一条数据
[INFO ] main 2017-07-196 15:07:609,609 method:com.putaoteng.mybatis.utils.Log.loggerCreate(Log.java:14) 删除一条数据
[INFO ] main 2017-07-196 15:07:613,613 method:com.putaoteng.mybatis.utils.Log.loggerCreate(Log.java:14) 查询一条数据
[INFO ] main 2017-07-196 15:07:650,650 method:com.putaoteng.mybatis.utils.Log.loggerCreate(Log.java:14) 更新一条数据
[INFO ] main 2017-07-196 15:07:967,967 method:com.putaoteng.mybatis.utils.Log.loggerCreate(Log.java:14) 插入一条数据
[INFO ] main 2017-07-196 15:07:07,007 method:com.putaoteng.mybatis.utils.Log.loggerCreate(Log.java:14) 插入一条数据
[INFO ] main 2017-07-196 15:07:44,044 method:com.putaoteng.mybatis.utils.Log.loggerCreate(Log.java:14) 插入一条数据
[INFO ] main 2017-07-196 15:07:134,134 method:com.putaoteng.mybatis.utils.Log.loggerCreate(Log.java:14) 删除一条数据
[INFO ] main 2017-07-196 15:07:144,144 method:com.putaoteng.mybatis.utils.Log.loggerCreate(Log.java:14) 查询一条数据
[INFO ] main 2017-07-196 15:07:184,184 method:com.putaoteng.mybatis.utils.Log.loggerCreate(Log.java:14) 更新一条数据
[INFO ] main 2017-07-196 18:07:468,468 method:com.putaoteng.mybatis.utils.Log.loggerCreate(Log.java:14) 插入一条数据
[INFO ] main 2017-07-196 18:07:560,560 method:com.putaoteng.mybatis.utils.Log.loggerCreate(Log.java:14) 插入一条数据
[INFO ] main 2017-07-196 18:07:639,639 method:com.putaoteng.mybatis.utils.Log.loggerCreate(Log.java:14) 插入一条数据
[INFO ] main 2017-07-196 18:07:697,697 method:com.putaoteng.mybatis.utils.Log.loggerCreate(Log.java:14) 删除一条数据
[INFO ] main 2017-07-196 18:07:707,707 method:com.putaoteng.mybatis.utils.Log.loggerCreate(Log.java:14) 查询一条数据
[INFO ] main 2017-07-196 18:07:749,749 method:com.putaoteng.mybatis.utils.Log.loggerCreate(Log.java:14) 更新一条数据
[INFO ] main 2017-07-196 18:07:167,167 method:com.putaoteng.mybatis.utils.Log.loggerCreate(Log.java:14) 插入一条数据
[INFO ] main 2017-07-196 18:07:206,206 method:com.putaoteng.mybatis.utils.Log.loggerCreate(Log.java:14) 插入一条数据
[INFO ] main 2017-07-196 18:07:249,249 method:com.putaoteng.mybatis.utils.Log.loggerCreate(Log.java:14) 插入一条数据
[INFO ] main 2017-07-196 18:07:313,313 method:com.putaoteng.mybatis.utils.Log.loggerCreate(Log.java:14) 删除一条数据
[INFO ] main 2017-07-196 18:07:319,319 method:com.putaoteng.mybatis.utils.Log.loggerCreate(Log.java:14) 查询一条数据
[INFO ] main 2017-07-196 18:07:355,355 method:com.putaoteng.mybatis.utils.Log.loggerCreate(Log.java:14) 更新一条数据
[INFO ] main 2017-07-196 18:07:688,688 method:com.putaoteng.mybatis.utils.Log.loggerCreate(Log.java:14) 插入一条数据
[INFO ] main 2017-07-196 18:07:738,738 method:com.putaoteng.mybatis.utils.Log.loggerCreate(Log.java:14) 插入一条数据
[INFO ] main 2017-07-196 18:07:780,780 method:com.putaoteng.mybatis.utils.Log.loggerCreate(Log.java:14) 插入一条数据
[INFO ] main 2017-07-196 18:07:855,855 method:com.putaoteng.mybatis.utils.Log.loggerCreate(Log.java:14) 删除一条数据
[INFO ] main 2017-07-196 18:07:868,868 method:com.putaoteng.mybatis.utils.Log.loggerCreate(Log.java:14) 查询一条数据
[INFO ] main 2017-07-196 18:07:922,922 method:com.putaoteng.mybatis.utils.Log.loggerCreate(Log.java:14) 更新一条数据
[INFO ] main 2017-07-196 18:07:30,030 method:com.putaoteng.mybatis.utils.Log.loggerCreate(Log.java:14) 插入一条数据
[INFO ] main 2017-07-196 18:07:63,063 method:com.putaoteng.mybatis.utils.Log.loggerCreate(Log.java:14) 插入一条数据
[INFO ] main 2017-07-196 18:07:97,097 method:com.putaoteng.mybatis.utils.Log.loggerCreate(Log.java:14) 插入一条数据
[INFO ] main 2017-07-196 18:07:173,173 method:com.putaoteng.mybatis.utils.Log.loggerCreate(Log.java:14) 删除一条数据
[INFO ] main 2017-07-196 18:07:182,182 method:com.putaoteng.mybatis.utils.Log.loggerCreate(Log.java:14) 查询一条数据
[INFO ] main 2017-07-196 18:07:240,240 method:com.putaoteng.mybatis.utils.Log.loggerCreate(Log.java:14) 更新一条数据
[INFO ] main 2017-07-196 18:07:613,613 method:com.putaoteng.mybatis.utils.Log.loggerCreate(Log.java:14) 插入一条数据
[INFO ] main 2017-07-196 18:07:664,664 method:com.putaoteng.mybatis.utils.Log.loggerCreate(Log.java:14) 插入一条数据
[INFO ] main 2017-07-196 18:07:716,716 method:com.putaoteng.mybatis.utils.Log.loggerCreate(Log.java:14) 插入一条数据
[INFO ] main 2017-07-196 18:07:780,780 method:com.putaoteng.mybatis.utils.Log.loggerCreate(Log.java:14) 删除一条数据
[INFO ] main 2017-07-196 18:07:788,788 method:com.putaoteng.mybatis.utils.Log.loggerCreate(Log.java:14) 查询一条数据
[INFO ] main 2017-07-196 18:07:830,830 method:com.putaoteng.mybatis.utils.Log.loggerCreate(Log.java:14) 更新一条数据
[INFO ] main 2017-07-196 18:07:246,246 method:com.putaoteng.mybatis.utils.Log.loggerCreate(Log.java:14) 插入一条数据
[INFO ] main 2017-07-196 18:07:281,281 method:com.putaoteng.mybatis.utils.Log.loggerCreate(Log.java:14) 插入一条数据
[INFO ] main 2017-07-196 18:07:331,331 method:com.putaoteng.mybatis.utils.Log.loggerCreate(Log.java:14) 插入一条数据
[INFO ] main 2017-07-196 18:07:372,372 method:com.putaoteng.mybatis.utils.Log.loggerCreate(Log.java:14) 删除一条数据
[INFO ] main 2017-07-196 18:07:376,376 method:com.putaoteng.mybatis.utils.Log.loggerCreate(Log.java:14) 查询一条数据
[INFO ] main 2017-07-196 18:07:432,432 method:com.putaoteng.mybatis.utils.Log.loggerCreate(Log.java:14) 更新一条数据
[INFO ] main 2017-07-196 18:07:807,807 method:com.putaoteng.mybatis.utils.Log.loggerCreate(Log.java:14) 插入一条数据
[INFO ] main 2017-07-196 18:07:858,858 method:com.putaoteng.mybatis.utils.Log.loggerCreate(Log.java:14) 插入一条数据
[INFO ] main 2017-07-196 18:07:881,881 method:com.putaoteng.mybatis.utils.Log.loggerCreate(Log.java:14) 插入一条数据
[INFO ] main 2017-07-196 18:07:940,940 method:com.putaoteng.mybatis.utils.Log.loggerCreate(Log.java:14) 删除一条数据
[INFO ] main 2017-07-196 18:07:947,947 method:com.putaoteng.mybatis.utils.Log.loggerCreate(Log.java:14) 查询一条数据
[INFO ] main 2017-07-196 18:07:990,990 method:com.putaoteng.mybatis.utils.Log.loggerCreate(Log.java:14) 更新一条数据
[INFO ] main 2017-07-196 18:07:358,358 method:com.putaoteng.mybatis.utils.Log.loggerCreate(Log.java:14) 插入一条数据
[INFO ] main 2017-07-196 18:07:407,407 method:com.putaoteng.mybatis.utils.Log.loggerCreate(Log.java:14) 插入一条数据
[INFO ] main 2017-07-196 18:07:448,448 method:com.putaoteng.mybatis.utils.Log.loggerCreate(Log.java:14) 插入一条数据
[INFO ] main 2017-07-196 18:07:506,506 method:com.putaoteng.mybatis.utils.Log.loggerCreate(Log.java:14) 删除一条数据
[INFO ] main 2017-07-196 18:07:510,510 method:com.putaoteng.mybatis.utils.Log.loggerCreate(Log.java:14) 查询一条数据
[INFO ] main 2017-07-196 18:07:548,548 method:com.putaoteng.mybatis.utils.Log.loggerCreate(Log.java:14) 更新一条数据
[INFO ] main 2017-07-196 18:07:880,880 method:com.putaoteng.mybatis.utils.Log.loggerCreate(Log.java:14) 插入一条数据
[INFO ] main 2017-07-196 18:07:914,914 method:com.putaoteng.mybatis.utils.Log.loggerCreate(Log.java:14) 插入一条数据
[INFO ] main 2017-07-196 18:07:973,973 method:com.putaoteng.mybatis.utils.Log.loggerCreate(Log.java:14) 插入一条数据
[INFO ] main 2017-07-196 18:07:23,023 method:com.putaoteng.mybatis.utils.Log.loggerCreate(Log.java:14) 删除一条数据
[INFO ] main 2017-07-196 18:07:40,040 method:com.putaoteng.mybatis.utils.Log.loggerCreate(Log.java:14) 查询一条数据
[INFO ] main 2017-07-196 18:07:132,132 method:com.putaoteng.mybatis.utils.Log.loggerCreate(Log.java:14) 更新一条数据
[INFO ] main 2017-07-196 19:07:936,936 method:com.putaoteng.mybatis.utils.Log.loggerCreate(Log.java:14) Hello, Java
